<?xml version="1.0" encoding="UTF-8"?>
<testng-results skipped="0" failed="0" ignored="0" total="1" passed="1">
  <reporter-output>
  </reporter-output>
  <suite name="Default suite" duration-ms="70" started-at="2017-10-31T01:42:29Z" finished-at="2017-10-31T01:42:29Z">
    <groups>
    </groups>
    <test name="Default test" duration-ms="70" started-at="2017-10-31T01:42:29Z" finished-at="2017-10-31T01:42:29Z">
      <class name="com.testng.NewTest">
        <test-method status="PASS" signature="f()[pri:0, instance:com.testng.NewTest@fbd816]" name="f" duration-ms="24" started-at="2017-10-31T09:42:29Z" finished-at="2017-10-31T09:42:29Z">
          <reporter-output>
          </reporter-output>
        </test-method> <!-- f -->
      </class> <!-- com.testng.NewTest -->
    </test> <!-- Default test -->
  </suite> <!-- Default suite -->
</testng-results>
